  Lattice.cpp
C:\Users\Matthew\source\repos\ClassicalMonteCarlo\src\MemTimeTester.h(98,1): warning C4267: '=': conversion from 'size_t' to 'int', possible loss of data
C:\Users\Matthew\source\repos\ClassicalMonteCarlo\src\Lattice.h(84,1): warning C4267: 'return': conversion from 'size_t' to 'int', possible loss of data
C:\Users\Matthew\source\repos\ClassicalMonteCarlo\src\Lattice.h(165,1): warning C4267: 'return': conversion from 'size_t' to 'int', possible loss of data
C:\Users\Matthew\source\repos\ClassicalMonteCarlo\src\Lattice.h(169,1): warning C4267: 'return': conversion from 'size_t' to 'int', possible loss of data
C:\Users\Matthew\source\repos\ClassicalMonteCarlo\src\Lattice.h(176,1): warning C4267: '=': conversion from 'size_t' to 'int', possible loss of data
C:\Users\Matthew\source\repos\ClassicalMonteCarlo\src\Lattice.h(185,1): warning C4267: '=': conversion from 'size_t' to '_Ty', possible loss of data
          with
          [
              _Ty=int
          ]
C:\Users\Matthew\source\repos\ClassicalMonteCarlo\src\Lattice.h(380,16): warning C4244: 'initializing': conversion from '__int64' to 'int', possible loss of data
C:\Users\Matthew\source\repos\ClassicalMonteCarlo\src\Lattice.h(399,16): warning C4244: 'initializing': conversion from '__int64' to 'int', possible loss of data
C:\Users\Matthew\source\repos\ClassicalMonteCarlo\src\Lattice.h(414,16): warning C4244: 'initializing': conversion from '__int64' to 'int', possible loss of data
C:\Users\Matthew\source\repos\ClassicalMonteCarlo\src\Lattice.h(442,1): warning C4267: 'return': conversion from 'size_t' to 'int', possible loss of data
C:\Users\Matthew\source\repos\ClassicalMonteCarlo\src\Lattice.h(447,1): warning C4267: 'return': conversion from 'size_t' to 'int', possible loss of data
C:\Users\Matthew\source\repos\ClassicalMonteCarlo\src\Lattice.cpp(161,36): warning C4267: '=': conversion from 'size_t' to 'int', possible loss of data
  MCRun.cpp
C:\Users\Matthew\source\repos\ClassicalMonteCarlo\src\RandomEngine.h(28,68): warning C4244: '=': conversion from '_Rep' to 'unsigned int', possible loss of data
          with
          [
              _Rep=std::chrono::system_clock::rep
          ]
C:\Users\Matthew\source\repos\ClassicalMonteCarlo\src\RandomEngine.h(74,20): warning C4244: 'return': conversion from 'double' to 'int', possible loss of data
C:\Users\Matthew\source\repos\ClassicalMonteCarlo\src\RandomEngine.h(117,1): warning C4267: 'initializing': conversion from 'size_t' to 'int', possible loss of data
C:\Users\Matthew\source\repos\ClassicalMonteCarlo\src\MemTimeTester.h(98,1): warning C4267: '=': conversion from 'size_t' to 'int', possible loss of data
C:\Users\Matthew\source\repos\ClassicalMonteCarlo\src\Lattice.h(84,1): warning C4267: 'return': conversion from 'size_t' to 'int', possible loss of data
C:\Users\Matthew\source\repos\ClassicalMonteCarlo\src\Lattice.h(165,1): warning C4267: 'return': conversion from 'size_t' to 'int', possible loss of data
C:\Users\Matthew\source\repos\ClassicalMonteCarlo\src\Lattice.h(169,1): warning C4267: 'return': conversion from 'size_t' to 'int', possible loss of data
C:\Users\Matthew\source\repos\ClassicalMonteCarlo\src\Lattice.h(176,1): warning C4267: '=': conversion from 'size_t' to 'int', possible loss of data
C:\Users\Matthew\source\repos\ClassicalMonteCarlo\src\Lattice.h(185,1): warning C4267: '=': conversion from 'size_t' to '_Ty', possible loss of data
          with
          [
              _Ty=int
          ]
C:\Users\Matthew\source\repos\ClassicalMonteCarlo\src\Lattice.h(380,16): warning C4244: 'initializing': conversion from '__int64' to 'int', possible loss of data
C:\Users\Matthew\source\repos\ClassicalMonteCarlo\src\Lattice.h(399,16): warning C4244: 'initializing': conversion from '__int64' to 'int', possible loss of data
C:\Users\Matthew\source\repos\ClassicalMonteCarlo\src\Lattice.h(414,16): warning C4244: 'initializing': conversion from '__int64' to 'int', possible loss of data
C:\Users\Matthew\source\repos\ClassicalMonteCarlo\src\Lattice.h(442,1): warning C4267: 'return': conversion from 'size_t' to 'int', possible loss of data
C:\Users\Matthew\source\repos\ClassicalMonteCarlo\src\Lattice.h(447,1): warning C4267: 'return': conversion from 'size_t' to 'int', possible loss of data
C:\Users\Matthew\source\repos\ClassicalMonteCarlo\src\MCState.h(209,10): warning C4101: 'angle': unreferenced local variable
C:\Users\Matthew\source\repos\ClassicalMonteCarlo\src\MCState.h(277,10): warning C4101: 'angle': unreferenced local variable
C:\Users\Matthew\source\repos\ClassicalMonteCarlo\src\MCState.h(160,1): warning C4267: 'return': conversion from 'size_t' to 'int', possible loss of data
C:\Users\Matthew\source\repos\ClassicalMonteCarlo\src\MCState.h(159): message : while compiling class template member function 'int NRotorLattice<spin2>::size(void)'
C:\Users\Matthew\source\repos\ClassicalMonteCarlo\src\Update.h(89): message : see reference to function template instantiation 'int NRotorLattice<spin2>::size(void)' being compiled
C:\Users\Matthew\source\repos\ClassicalMonteCarlo\src\MCState.h(189): message : see reference to class template instantiation 'NRotorLattice<spin2>' being compiled
  MCState.cpp
C:\Users\Matthew\source\repos\ClassicalMonteCarlo\src\MemTimeTester.h(98,1): warning C4267: '=': conversion from 'size_t' to 'int', possible loss of data
C:\Users\Matthew\source\repos\ClassicalMonteCarlo\src\Lattice.h(84,1): warning C4267: 'return': conversion from 'size_t' to 'int', possible loss of data
C:\Users\Matthew\source\repos\ClassicalMonteCarlo\src\Lattice.h(165,1): warning C4267: 'return': conversion from 'size_t' to 'int', possible loss of data
C:\Users\Matthew\source\repos\ClassicalMonteCarlo\src\Lattice.h(169,1): warning C4267: 'return': conversion from 'size_t' to 'int', possible loss of data
C:\Users\Matthew\source\repos\ClassicalMonteCarlo\src\Lattice.h(176,1): warning C4267: '=': conversion from 'size_t' to 'int', possible loss of data
C:\Users\Matthew\source\repos\ClassicalMonteCarlo\src\Lattice.h(185,1): warning C4267: '=': conversion from 'size_t' to '_Ty', possible loss of data
          with
          [
              _Ty=int
          ]
C:\Users\Matthew\source\repos\ClassicalMonteCarlo\src\Lattice.h(380,16): warning C4244: 'initializing': conversion from '__int64' to 'int', possible loss of data
C:\Users\Matthew\source\repos\ClassicalMonteCarlo\src\Lattice.h(399,16): warning C4244: 'initializing': conversion from '__int64' to 'int', possible loss of data
C:\Users\Matthew\source\repos\ClassicalMonteCarlo\src\Lattice.h(414,16): warning C4244: 'initializing': conversion from '__int64' to 'int', possible loss of data
C:\Users\Matthew\source\repos\ClassicalMonteCarlo\src\Lattice.h(442,1): warning C4267: 'return': conversion from 'size_t' to 'int', possible loss of data
C:\Users\Matthew\source\repos\ClassicalMonteCarlo\src\Lattice.h(447,1): warning C4267: 'return': conversion from 'size_t' to 'int', possible loss of data
C:\Users\Matthew\source\repos\ClassicalMonteCarlo\src\RandomEngine.h(28,68): warning C4244: '=': conversion from '_Rep' to 'unsigned int', possible loss of data
          with
          [
              _Rep=std::chrono::system_clock::rep
          ]
C:\Users\Matthew\source\repos\ClassicalMonteCarlo\src\RandomEngine.h(74,20): warning C4244: 'return': conversion from 'double' to 'int', possible loss of data
C:\Users\Matthew\source\repos\ClassicalMonteCarlo\src\RandomEngine.h(117,1): warning C4267: 'initializing': conversion from 'size_t' to 'int', possible loss of data
C:\Users\Matthew\source\repos\ClassicalMonteCarlo\src\MCState.h(209,10): warning C4101: 'angle': unreferenced local variable
C:\Users\Matthew\source\repos\ClassicalMonteCarlo\src\MCState.h(277,10): warning C4101: 'angle': unreferenced local variable
  main_xyz.cpp
C:\Users\Matthew\source\repos\ClassicalMonteCarlo\src\MemTimeTester.h(98,1): warning C4267: '=': conversion from 'size_t' to 'int', possible loss of data
C:\Users\Matthew\source\repos\ClassicalMonteCarlo\src\Lattice.h(84,1): warning C4267: 'return': conversion from 'size_t' to 'int', possible loss of data
C:\Users\Matthew\source\repos\ClassicalMonteCarlo\src\Lattice.h(165,1): warning C4267: 'return': conversion from 'size_t' to 'int', possible loss of data
C:\Users\Matthew\source\repos\ClassicalMonteCarlo\src\Lattice.h(169,1): warning C4267: 'return': conversion from 'size_t' to 'int', possible loss of data
C:\Users\Matthew\source\repos\ClassicalMonteCarlo\src\Lattice.h(176,1): warning C4267: '=': conversion from 'size_t' to 'int', possible loss of data
C:\Users\Matthew\source\repos\ClassicalMonteCarlo\src\Lattice.h(185,1): warning C4267: '=': conversion from 'size_t' to '_Ty', possible loss of data
          with
          [
              _Ty=int
          ]
C:\Users\Matthew\source\repos\ClassicalMonteCarlo\src\Lattice.h(380,16): warning C4244: 'initializing': conversion from '__int64' to 'int', possible loss of data
C:\Users\Matthew\source\repos\ClassicalMonteCarlo\src\Lattice.h(399,16): warning C4244: 'initializing': conversion from '__int64' to 'int', possible loss of data
C:\Users\Matthew\source\repos\ClassicalMonteCarlo\src\Lattice.h(414,16): warning C4244: 'initializing': conversion from '__int64' to 'int', possible loss of data
C:\Users\Matthew\source\repos\ClassicalMonteCarlo\src\Lattice.h(442,1): warning C4267: 'return': conversion from 'size_t' to 'int', possible loss of data
C:\Users\Matthew\source\repos\ClassicalMonteCarlo\src\Lattice.h(447,1): warning C4267: 'return': conversion from 'size_t' to 'int', possible loss of data
C:\Users\Matthew\source\repos\ClassicalMonteCarlo\src\RandomEngine.h(28,68): warning C4244: '=': conversion from '_Rep' to 'unsigned int', possible loss of data
          with
          [
              _Rep=std::chrono::system_clock::rep
          ]
C:\Users\Matthew\source\repos\ClassicalMonteCarlo\src\RandomEngine.h(74,20): warning C4244: 'return': conversion from 'double' to 'int', possible loss of data
C:\Users\Matthew\source\repos\ClassicalMonteCarlo\src\RandomEngine.h(117,1): warning C4267: 'initializing': conversion from 'size_t' to 'int', possible loss of data
C:\Users\Matthew\source\repos\ClassicalMonteCarlo\src\MCState.h(209,10): warning C4101: 'angle': unreferenced local variable
C:\Users\Matthew\source\repos\ClassicalMonteCarlo\src\MCState.h(277,10): warning C4101: 'angle': unreferenced local variable
C:\Users\Matthew\source\repos\ClassicalMonteCarlo\src\MCState.h(160,1): warning C4267: 'return': conversion from 'size_t' to 'int', possible loss of data
C:\Users\Matthew\source\repos\ClassicalMonteCarlo\src\MCState.h(159): message : while compiling class template member function 'int NRotorLattice<spin2>::size(void)'
C:\Users\Matthew\source\repos\ClassicalMonteCarlo\src\Update.h(89): message : see reference to function template instantiation 'int NRotorLattice<spin2>::size(void)' being compiled
C:\Users\Matthew\source\repos\ClassicalMonteCarlo\src\MCState.h(189): message : see reference to class template instantiation 'NRotorLattice<spin2>' being compiled
  Generating Code...
C:\Users\Matthew\source\repos\ClassicalMonteCarlo\src\cmctype.h(55): warning C4715: 'cmctype::ModelParams::get_interaction': not all control paths return a value
  MonteCarloXYZ.vcxproj -> C:\Users\Matthew\source\repos\ClassicalMonteCarlo\x64\Debug\MonteCarloXYZ.exe
